CRITICAL - 2025-01-09 01:06:07 --> Error: Class "BaseController" not found
[Method: GET, Route: load_table]
in APPPATH\Controllers\Table.php on line 2.
 1 SYSTEMPATH\Autoloader\Autoloader.php(317): include_once()
 2 SYSTEMPATH\Autoloader\Autoloader.php(296): CodeIgniter\Autoloader\Autoloader->includeFile('C:\\xampp\\htdocs\\GestionDeExamens\\app\\Controllers\\Table.php')
 3 SYSTEMPATH\Autoloader\Autoloader.php(272): CodeIgniter\Autoloader\Autoloader->loadInNamespace('App\\Controllers\\Table')
 4 [internal function]: CodeIgniter\Autoloader\Autoloader->loadClass('App\\Controllers\\Table')
 5 SYSTEMPATH\CodeIgniter.php(887): class_exists('\\App\\Controllers\\Table', true)
 6 SYSTEMPATH\CodeIgniter.php(496): CodeIgniter\CodeIgniter->startController()
 7 SYSTEMPATH\CodeIgniter.php(355): CodeIgniter\CodeIgniter->handleRequest(null, Object(Config\Cache), false)
 8 SYSTEMPATH\Boot.php(325): CodeIgniter\CodeIgniter->run()
 9 SYSTEMPATH\Boot.php(67): CodeIgniter\Boot::runCodeIgniter(Object(CodeIgniter\CodeIgniter))
10 FCPATH\index.php(56): CodeIgniter\Boot::bootWeb(Object(Config\Paths))
CRITICAL - 2025-01-09 01:07:19 --> ErrorException: Undefined property: App\Controllers\Table::$load
[Method: GET, Route: load_table]
in APPPATH\Controllers\Table.php on line 5.
 1 APPPATH\Controllers\Table.php(5): CodeIgniter\Debug\Exceptions->errorHandler(2, 'Undefined property: App\\Controllers\\Table::$load', 'C:\\xampp\\htdocs\\GestionDeExamens\\app\\Controllers\\Table.php', 5)
 2 SYSTEMPATH\CodeIgniter.php(933): App\Controllers\Table->load_table()
 3 SYSTEMPATH\CodeIgniter.php(509): CodeIgniter\CodeIgniter->runController(Object(App\Controllers\Table))
 4 SYSTEMPATH\CodeIgniter.php(355): CodeIgniter\CodeIgniter->handleRequest(null, Object(Config\Cache), false)
 5 SYSTEMPATH\Boot.php(325): CodeIgniter\CodeIgniter->run()
 6 SYSTEMPATH\Boot.php(67): CodeIgniter\Boot::runCodeIgniter(Object(CodeIgniter\CodeIgniter))
 7 FCPATH\index.php(56): CodeIgniter\Boot::bootWeb(Object(Config\Paths))
CRITICAL - 2025-01-09 01:16:37 --> ErrorException: Undefined property: CodeIgniter\View\View::$load
[Method: GET, Route: ProfDashboard]
in APPPATH\Views\prof_dashboard.php on line 194.
 1 APPPATH\Views\prof_dashboard.php(194): CodeIgniter\Debug\Exceptions->errorHandler(2, 'Undefined property: CodeIgniter\\View\\View::$load', 'C:\\xampp\\htdocs\\GestionDeExamens\\app\\Views\\prof_dashboard.php', 194)
 2 SYSTEMPATH\View\View.php(234): include('C:\\xampp\\htdocs\\GestionDeExamens\\app\\Views\\prof_dashboard.php')
 3 SYSTEMPATH\View\View.php(237): CodeIgniter\View\View->CodeIgniter\View\{closure}()
 4 SYSTEMPATH\Common.php(1171): CodeIgniter\View\View->render('prof_dashboard', [], true)
 5 APPPATH\Controllers\DashboardController.php(18): view('prof_dashboard')
 6 SYSTEMPATH\CodeIgniter.php(933): App\Controllers\DashboardController->ProfDashboard()
 7 SYSTEMPATH\CodeIgniter.php(509): CodeIgniter\CodeIgniter->runController(Object(App\Controllers\DashboardController))
 8 SYSTEMPATH\CodeIgniter.php(355): CodeIgniter\CodeIgniter->handleRequest(null, Object(Config\Cache), false)
 9 SYSTEMPATH\Boot.php(325): CodeIgniter\CodeIgniter->run()
10 SYSTEMPATH\Boot.php(67): CodeIgniter\Boot::runCodeIgniter(Object(CodeIgniter\CodeIgniter))
11 FCPATH\index.php(56): CodeIgniter\Boot::bootWeb(Object(Config\Paths))
