CRITICAL - 2025-01-06 01:19:06 --> ErrorException: Cannot redeclare App\Controllers\AuthentifController::SignUp_Process()
[Method: GET, Route: /]
in APPPATH\Controllers\AuthentifController.php on line 61.
 1 [internal function]: CodeIgniter\Debug\Exceptions->shutdownHandler()
CRITICAL - 2025-01-06 01:19:09 --> ErrorException: Cannot redeclare App\Controllers\AuthentifController::SignUp_Process()
[Method: GET, Route: /]
in APPPATH\Controllers\AuthentifController.php on line 61.
 1 [internal function]: CodeIgniter\Debug\Exceptions->shutdownHandler()
ERROR - 2025-01-06 01:20:18 --> mysqli_sql_exception: Unknown column 'CNI' in 'where clause' in C:\xampp\htdocs\GestionDeExamens\system\Database\MySQLi\Connection.php:312
Stack trace:
#0 C:\xampp\htdocs\GestionDeExamens\system\Database\MySQLi\Connection.php(312): mysqli->query('SELECT *\nFROM `...', 0)
#1 C:\xampp\htdocs\GestionDeExamens\system\Database\BaseConnection.php(734): CodeIgniter\Database\MySQLi\Connection->execute('SELECT *\nFROM `...')
#2 C:\xampp\htdocs\GestionDeExamens\system\Database\BaseConnection.php(648): CodeIgniter\Database\BaseConnection->simpleQuery('SELECT *\nFROM `...')
#3 C:\xampp\htdocs\GestionDeExamens\system\Database\BaseBuilder.php(1644): CodeIgniter\Database\BaseConnection->query('SELECT *\nFROM `...', Array, false)
#4 C:\xampp\htdocs\GestionDeExamens\system\Model.php(330): CodeIgniter\Database\BaseBuilder->get()
#5 C:\xampp\htdocs\GestionDeExamens\system\BaseModel.php(714): CodeIgniter\Model->doFirst()
#6 C:\xampp\htdocs\GestionDeExamens\app\Models\UserModel.php(28): CodeIgniter\BaseModel->first()
#7 C:\xampp\htdocs\GestionDeExamens\app\Models\AccountModel.php(30): App\Models\UserModel->userExists(Array)
#8 C:\xampp\htdocs\GestionDeExamens\app\Controllers\AuthentifController.php(76): App\Models\AccountModel->register(Array)
#9 C:\xampp\htdocs\GestionDeExamens\system\CodeIgniter.php(933): App\Controllers\AuthentifController->SignIn_Process()
#10 C:\xampp\htdocs\GestionDeExamens\system\CodeIgniter.php(509): CodeIgniter\CodeIgniter->runController(Object(App\Controllers\AuthentifController))
#11 C:\xampp\htdocs\GestionDeExamens\system\CodeIgniter.php(355): CodeIgniter\CodeIgniter->handleRequest(NULL, Object(Config\Cache), false)
#12 C:\xampp\htdocs\GestionDeExamens\system\Boot.php(325): CodeIgniter\CodeIgniter->run()
#13 C:\xampp\htdocs\GestionDeExamens\system\Boot.php(67): CodeIgniter\Boot::runCodeIgniter(Object(CodeIgniter\CodeIgniter))
#14 C:\xampp\htdocs\GestionDeExamens\public\index.php(56): CodeIgniter\Boot::bootWeb(Object(Config\Paths))
#15 {main}
CRITICAL - 2025-01-06 01:20:18 --> CodeIgniter\Database\Exceptions\DatabaseException: Unknown column 'CNI' in 'where clause'
[Method: POST, Route: SignIn_Process]
in SYSTEMPATH\Database\BaseConnection.php on line 688.
 1 SYSTEMPATH\Database\BaseBuilder.php(1644): CodeIgniter\Database\BaseConnection->query('SELECT *
FROM `users`
WHERE `CNI` IS NULL
AND `FirstName` IS NULL
AND `LastName` IS NULL
AND `Birthdate` IS NULL
AND `AcademicEmail` IS NULL
AND `RoleID` IS NULL
 LIMIT 1', [], false)
 2 SYSTEMPATH\Model.php(330): CodeIgniter\Database\BaseBuilder->get()
 3 SYSTEMPATH\BaseModel.php(714): CodeIgniter\Model->doFirst()
 4 APPPATH\Models\UserModel.php(28): CodeIgniter\BaseModel->first()
 5 APPPATH\Models\AccountModel.php(30): App\Models\UserModel->userExists([...])
 6 APPPATH\Controllers\AuthentifController.php(76): App\Models\AccountModel->register([...])
 7 SYSTEMPATH\CodeIgniter.php(933): App\Controllers\AuthentifController->SignIn_Process()
 8 SYSTEMPATH\CodeIgniter.php(509): CodeIgniter\CodeIgniter->runController(Object(App\Controllers\AuthentifController))
 9 SYSTEMPATH\CodeIgniter.php(355): CodeIgniter\CodeIgniter->handleRequest(null, Object(Config\Cache), false)
10 SYSTEMPATH\Boot.php(325): CodeIgniter\CodeIgniter->run()
11 SYSTEMPATH\Boot.php(67): CodeIgniter\Boot::runCodeIgniter(Object(CodeIgniter\CodeIgniter))
12 FCPATH\index.php(56): CodeIgniter\Boot::bootWeb(Object(Config\Paths))
CRITICAL - 2025-01-06 01:20:18 --> [Caused by] CodeIgniter\Database\Exceptions\DatabaseException: Unknown column 'CNI' in 'where clause'
in SYSTEMPATH\Database\MySQLi\Connection.php on line 317.
 1 SYSTEMPATH\Database\BaseConnection.php(734): CodeIgniter\Database\MySQLi\Connection->execute('SELECT *
FROM `users`
WHERE `CNI` IS NULL
AND `FirstName` IS NULL
AND `LastName` IS NULL
AND `Birthdate` IS NULL
AND `AcademicEmail` IS NULL
AND `RoleID` IS NULL
 LIMIT 1')
 2 SYSTEMPATH\Database\BaseConnection.php(648): CodeIgniter\Database\BaseConnection->simpleQuery('SELECT *
FROM `users`
WHERE `CNI` IS NULL
AND `FirstName` IS NULL
AND `LastName` IS NULL
AND `Birthdate` IS NULL
AND `AcademicEmail` IS NULL
AND `RoleID` IS NULL
 LIMIT 1')
 3 SYSTEMPATH\Database\BaseBuilder.php(1644): CodeIgniter\Database\BaseConnection->query('SELECT *
FROM `users`
WHERE `CNI` IS NULL
AND `FirstName` IS NULL
AND `LastName` IS NULL
AND `Birthdate` IS NULL
AND `AcademicEmail` IS NULL
AND `RoleID` IS NULL
 LIMIT 1', [], false)
 4 SYSTEMPATH\Model.php(330): CodeIgniter\Database\BaseBuilder->get()
 5 SYSTEMPATH\BaseModel.php(714): CodeIgniter\Model->doFirst()
 6 APPPATH\Models\UserModel.php(28): CodeIgniter\BaseModel->first()
 7 APPPATH\Models\AccountModel.php(30): App\Models\UserModel->userExists([...])
 8 APPPATH\Controllers\AuthentifController.php(76): App\Models\AccountModel->register([...])
 9 SYSTEMPATH\CodeIgniter.php(933): App\Controllers\AuthentifController->SignIn_Process()
10 SYSTEMPATH\CodeIgniter.php(509): CodeIgniter\CodeIgniter->runController(Object(App\Controllers\AuthentifController))
11 SYSTEMPATH\CodeIgniter.php(355): CodeIgniter\CodeIgniter->handleRequest(null, Object(Config\Cache), false)
12 SYSTEMPATH\Boot.php(325): CodeIgniter\CodeIgniter->run()
13 SYSTEMPATH\Boot.php(67): CodeIgniter\Boot::runCodeIgniter(Object(CodeIgniter\CodeIgniter))
14 FCPATH\index.php(56): CodeIgniter\Boot::bootWeb(Object(Config\Paths))
CRITICAL - 2025-01-06 01:20:18 --> [Caused by] mysqli_sql_exception: Unknown column 'CNI' in 'where clause'
in SYSTEMPATH\Database\MySQLi\Connection.php on line 312.
 1 SYSTEMPATH\Database\MySQLi\Connection.php(312): mysqli->query('SELECT *
FROM `users`
WHERE `CNI` IS NULL
AND `FirstName` IS NULL
AND `LastName` IS NULL
AND `Birthdate` IS NULL
AND `AcademicEmail` IS NULL
AND `RoleID` IS NULL
 LIMIT 1', 0)
 2 SYSTEMPATH\Database\BaseConnection.php(734): CodeIgniter\Database\MySQLi\Connection->execute('SELECT *
FROM `users`
WHERE `CNI` IS NULL
AND `FirstName` IS NULL
AND `LastName` IS NULL
AND `Birthdate` IS NULL
AND `AcademicEmail` IS NULL
AND `RoleID` IS NULL
 LIMIT 1')
 3 SYSTEMPATH\Database\BaseConnection.php(648): CodeIgniter\Database\BaseConnection->simpleQuery('SELECT *
FROM `users`
WHERE `CNI` IS NULL
AND `FirstName` IS NULL
AND `LastName` IS NULL
AND `Birthdate` IS NULL
AND `AcademicEmail` IS NULL
AND `RoleID` IS NULL
 LIMIT 1')
 4 SYSTEMPATH\Database\BaseBuilder.php(1644): CodeIgniter\Database\BaseConnection->query('SELECT *
FROM `users`
WHERE `CNI` IS NULL
AND `FirstName` IS NULL
AND `LastName` IS NULL
AND `Birthdate` IS NULL
AND `AcademicEmail` IS NULL
AND `RoleID` IS NULL
 LIMIT 1', [], false)
 5 SYSTEMPATH\Model.php(330): CodeIgniter\Database\BaseBuilder->get()
 6 SYSTEMPATH\BaseModel.php(714): CodeIgniter\Model->doFirst()
 7 APPPATH\Models\UserModel.php(28): CodeIgniter\BaseModel->first()
 8 APPPATH\Models\AccountModel.php(30): App\Models\UserModel->userExists([...])
 9 APPPATH\Controllers\AuthentifController.php(76): App\Models\AccountModel->register([...])
10 SYSTEMPATH\CodeIgniter.php(933): App\Controllers\AuthentifController->SignIn_Process()
11 SYSTEMPATH\CodeIgniter.php(509): CodeIgniter\CodeIgniter->runController(Object(App\Controllers\AuthentifController))
12 SYSTEMPATH\CodeIgniter.php(355): CodeIgniter\CodeIgniter->handleRequest(null, Object(Config\Cache), false)
13 SYSTEMPATH\Boot.php(325): CodeIgniter\CodeIgniter->run()
14 SYSTEMPATH\Boot.php(67): CodeIgniter\Boot::runCodeIgniter(Object(CodeIgniter\CodeIgniter))
15 FCPATH\index.php(56): CodeIgniter\Boot::bootWeb(Object(Config\Paths))
CRITICAL - 2025-01-06 01:20:58 --> ErrorException: Undefined array key "CNI"
[Method: POST, Route: SignIn_Process]
in APPPATH\Models\UserModel.php on line 22.
 1 APPPATH\Models\UserModel.php(22): CodeIgniter\Debug\Exceptions->errorHandler(2, 'Undefined array key "CNI"', 'C:\\xampp\\htdocs\\GestionDeExamens\\app\\Models\\UserModel.php', 22)
 2 APPPATH\Models\AccountModel.php(30): App\Models\UserModel->userExists([...])
 3 APPPATH\Controllers\AuthentifController.php(76): App\Models\AccountModel->register([...])
 4 SYSTEMPATH\CodeIgniter.php(933): App\Controllers\AuthentifController->SignIn_Process()
 5 SYSTEMPATH\CodeIgniter.php(509): CodeIgniter\CodeIgniter->runController(Object(App\Controllers\AuthentifController))
 6 SYSTEMPATH\CodeIgniter.php(355): CodeIgniter\CodeIgniter->handleRequest(null, Object(Config\Cache), false)
 7 SYSTEMPATH\Boot.php(325): CodeIgniter\CodeIgniter->run()
 8 SYSTEMPATH\Boot.php(67): CodeIgniter\Boot::runCodeIgniter(Object(CodeIgniter\CodeIgniter))
 9 FCPATH\index.php(56): CodeIgniter\Boot::bootWeb(Object(Config\Paths))
CRITICAL - 2025-01-06 01:21:55 --> ErrorException: Undefined array key "CNI"
[Method: POST, Route: SignIn_Process]
in APPPATH\Models\UserModel.php on line 22.
 1 APPPATH\Models\UserModel.php(22): CodeIgniter\Debug\Exceptions->errorHandler(2, 'Undefined array key "CNI"', 'C:\\xampp\\htdocs\\GestionDeExamens\\app\\Models\\UserModel.php', 22)
 2 APPPATH\Models\AccountModel.php(30): App\Models\UserModel->userExists([...])
 3 APPPATH\Controllers\AuthentifController.php(74): App\Models\AccountModel->register([...])
 4 SYSTEMPATH\CodeIgniter.php(933): App\Controllers\AuthentifController->SignIn_Process()
 5 SYSTEMPATH\CodeIgniter.php(509): CodeIgniter\CodeIgniter->runController(Object(App\Controllers\AuthentifController))
 6 SYSTEMPATH\CodeIgniter.php(355): CodeIgniter\CodeIgniter->handleRequest(null, Object(Config\Cache), false)
 7 SYSTEMPATH\Boot.php(325): CodeIgniter\CodeIgniter->run()
 8 SYSTEMPATH\Boot.php(67): CodeIgniter\Boot::runCodeIgniter(Object(CodeIgniter\CodeIgniter))
 9 FCPATH\index.php(56): CodeIgniter\Boot::bootWeb(Object(Config\Paths))
CRITICAL - 2025-01-06 01:34:59 --> ErrorException: Undefined array key "LastName"
[Method: POST, Route: SignIn_Process]
in APPPATH\Controllers\AuthentifController.php on line 75.
 1 APPPATH\Controllers\AuthentifController.php(75): CodeIgniter\Debug\Exceptions->errorHandler(2, 'Undefined array key "LastName"', 'C:\\xampp\\htdocs\\GestionDeExamens\\app\\Controllers\\AuthentifController.php', 75)
 2 SYSTEMPATH\CodeIgniter.php(933): App\Controllers\AuthentifController->SignIn_Process()
 3 SYSTEMPATH\CodeIgniter.php(509): CodeIgniter\CodeIgniter->runController(Object(App\Controllers\AuthentifController))
 4 SYSTEMPATH\CodeIgniter.php(355): CodeIgniter\CodeIgniter->handleRequest(null, Object(Config\Cache), false)
 5 SYSTEMPATH\Boot.php(325): CodeIgniter\CodeIgniter->run()
 6 SYSTEMPATH\Boot.php(67): CodeIgniter\Boot::runCodeIgniter(Object(CodeIgniter\CodeIgniter))
 7 FCPATH\index.php(56): CodeIgniter\Boot::bootWeb(Object(Config\Paths))
CRITICAL - 2025-01-06 01:35:58 --> ErrorException: Undefined array key "LastName"
[Method: POST, Route: SignIn_Process]
in APPPATH\Controllers\AuthentifController.php on line 78.
 1 APPPATH\Controllers\AuthentifController.php(78): CodeIgniter\Debug\Exceptions->errorHandler(2, 'Undefined array key "LastName"', 'C:\\xampp\\htdocs\\GestionDeExamens\\app\\Controllers\\AuthentifController.php', 78)
 2 SYSTEMPATH\CodeIgniter.php(933): App\Controllers\AuthentifController->SignIn_Process()
 3 SYSTEMPATH\CodeIgniter.php(509): CodeIgniter\CodeIgniter->runController(Object(App\Controllers\AuthentifController))
 4 SYSTEMPATH\CodeIgniter.php(355): CodeIgniter\CodeIgniter->handleRequest(null, Object(Config\Cache), false)
 5 SYSTEMPATH\Boot.php(325): CodeIgniter\CodeIgniter->run()
 6 SYSTEMPATH\Boot.php(67): CodeIgniter\Boot::runCodeIgniter(Object(CodeIgniter\CodeIgniter))
 7 FCPATH\index.php(56): CodeIgniter\Boot::bootWeb(Object(Config\Paths))
CRITICAL - 2025-01-06 01:38:16 --> ErrorException: Undefined array key "LastName"
[Method: POST, Route: SignIn_Process]
in APPPATH\Controllers\AuthentifController.php on line 75.
 1 APPPATH\Controllers\AuthentifController.php(75): CodeIgniter\Debug\Exceptions->errorHandler(2, 'Undefined array key "LastName"', 'C:\\xampp\\htdocs\\GestionDeExamens\\app\\Controllers\\AuthentifController.php', 75)
 2 SYSTEMPATH\CodeIgniter.php(933): App\Controllers\AuthentifController->SignIn_Process()
 3 SYSTEMPATH\CodeIgniter.php(509): CodeIgniter\CodeIgniter->runController(Object(App\Controllers\AuthentifController))
 4 SYSTEMPATH\CodeIgniter.php(355): CodeIgniter\CodeIgniter->handleRequest(null, Object(Config\Cache), false)
 5 SYSTEMPATH\Boot.php(325): CodeIgniter\CodeIgniter->run()
 6 SYSTEMPATH\Boot.php(67): CodeIgniter\Boot::runCodeIgniter(Object(CodeIgniter\CodeIgniter))
 7 FCPATH\index.php(56): CodeIgniter\Boot::bootWeb(Object(Config\Paths))
CRITICAL - 2025-01-06 01:47:37 --> ErrorException: Undefined array key "LastName"
[Method: POST, Route: SignIn_Process]
in APPPATH\Controllers\AuthentifController.php on line 79.
 1 APPPATH\Controllers\AuthentifController.php(79): CodeIgniter\Debug\Exceptions->errorHandler(2, 'Undefined array key "LastName"', 'C:\\xampp\\htdocs\\GestionDeExamens\\app\\Controllers\\AuthentifController.php', 79)
 2 SYSTEMPATH\CodeIgniter.php(933): App\Controllers\AuthentifController->SignIn_Process()
 3 SYSTEMPATH\CodeIgniter.php(509): CodeIgniter\CodeIgniter->runController(Object(App\Controllers\AuthentifController))
 4 SYSTEMPATH\CodeIgniter.php(355): CodeIgniter\CodeIgniter->handleRequest(null, Object(Config\Cache), false)
 5 SYSTEMPATH\Boot.php(325): CodeIgniter\CodeIgniter->run()
 6 SYSTEMPATH\Boot.php(67): CodeIgniter\Boot::runCodeIgniter(Object(CodeIgniter\CodeIgniter))
 7 FCPATH\index.php(56): CodeIgniter\Boot::bootWeb(Object(Config\Paths))
